[0m[[0m[0mdebug[0m] [0m[0m> Exec(__runWatch console0, Some(51386a12-e3f4-4a2a-953d-45e11ca46a2a), Some(CommandSource(console0)))[0m
[0m[[0m[0mdebug[0m] [0m[0m> Exec(sbtStashOnFailure, None, Some(CommandSource(console0)))[0m
[0m[[0m[0mdebug[0m] [0m[0m> Exec(__preWatch console0, None, Some(CommandSource(console0)))[0m
[0m[[0m[0mdebug[0m] [0m[0m> Exec(run, None, Some(CommandSource(console0)))[0m
[0m[[0m[0mdebug[0m] [0m[0mEvaluating tasks: Compile / run[0m
[0m[[0m[0mdebug[0m] [0m[0mRunning task... Cancel: Signal, check cycles: false, forcegc: true[0m
[0m[[0m[0minfo[0m] [0m[0mcompiling 1 Scala source to C:\Users\gianc\Desktop\Revature\BigDataRepo\HWRepo\project1leagueanalytics\target\scala-2.11\classes ...[0m
[0m[[0m[33mwarn[0m] [0m[0mthere were two deprecation warnings; re-run with -deprecation for details[0m
[0m[[0m[33mwarn[0m] [0m[0mone warning found[0m
[0m[[0m[31merror[0m] [0m[0morg.apache.spark.sql.catalyst.parser.ParseException: [0m
[0m[[0m[31merror[0m] [0m[0mno viable alternative at input 'CREATE TABLE IF NOT EXISTS cardData(assets/'(line 1, pos 42)[0m
[0m[[0m[31merror[0m] [0m[0m[0m
[0m[[0m[31merror[0m] [0m[0m== SQL ==[0m
[0m[[0m[31merror[0m] [0m[0mCREATE TABLE IF NOT EXISTS cardData(assets/0/gameAbsolutePath STRING, assets/0/fullAbsolutePath STRING, region STRING, regionRef STRING, regions/0 STRING, regionRefs/0 STRING, attack INT, cost INT, health INT, description STRING, descriptionRaw STRING, levelupDescription STRING, levelupDescriptionRaw STRING, flavorText STRING, artistName STRING, name STRING, cardCode STRING, keywords/0 STRING, keywordRefs/0 STRING, spellSpeed STRING, spellSpeedRef STRING, rarity STRING, rarityRef STRING, subtype STRING, supertype STRING, type STRING, collectible STRING, set STRING, associatedCardRefs/0 STRING, associatedCardRefs/1 STRING, subtypes/0 STRING, keywords/1 STRING, keywordRefs/1 STRING, associatedCardRefs/2 STRING, associatedCardRefs/3 STRING, associatedCardRefs/4 STRING, keywords/2 STRING, keywordRefs/2 STRING, regions/1 STRING, regionRefs/1 STRING, associatedCardRefs/5 STRING, associatedCardRefs/6 STRING, associatedCardRefs/7 STRING, associatedCardRefs/8 STRING, associatedCardRefs/9 STRING, associatedCardRefs/10 STRING )[0m
[0m[[0m[31merror[0m] [0m[0m------------------------------------------^^^[0m
[0m[[0m[31merror[0m] [0m[0m[0m
[0m[[0m[31merror[0m] [0m[0m	at org.apache.spark.sql.catalyst.parser.ParseException.withCommand(ParseDriver.scala:239)[0m
[0m[[0m[31merror[0m] [0m[0m	at org.apache.spark.sql.catalyst.parser.AbstractSqlParser.parse(ParseDriver.scala:115)[0m
[0m[[0m[31merror[0m] [0m[0m	at org.apache.spark.sql.execution.SparkSqlParser.parse(SparkSqlParser.scala:48)[0m
[0m[[0m[31merror[0m] [0m[0m	at org.apache.spark.sql.catalyst.parser.AbstractSqlParser.parsePlan(ParseDriver.scala:69)[0m
[0m[[0m[31merror[0m] [0m[0m	at org.apache.spark.sql.SparkSession.sql(SparkSession.scala:642)[0m
[0m[[0m[31merror[0m] [0m[0m	at org.apache.spark.sql.SQLContext.sql(SQLContext.scala:694)[0m
[0m[[0m[31merror[0m] [0m[0m	at Project1Ex$.insertLeagueData$1(Main.scala:71)[0m
[0m[[0m[31merror[0m] [0m[0m	at Project1Ex$.main(Main.scala:33)[0m
[0m[[0m[31merror[0m] [0m[0m	at Project1Ex.main(Main.scala)[0m
[0m[[0m[31merror[0m] [0m[0m	at sun.reflect.NativeMethodAccessorImpl.invoke0(Native Method)[0m
[0m[[0m[31merror[0m] [0m[0m	at sun.reflect.NativeMethodAccessorImpl.invoke(NativeMethodAccessorImpl.java:62)[0m
[0m[[0m[31merror[0m] [0m[0m	at sun.reflect.DelegatingMethodAccessorImpl.invoke(DelegatingMethodAccessorImpl.java:43)[0m
[0m[[0m[31merror[0m] [0m[0m	at java.lang.reflect.Method.invoke(Method.java:498)[0m
[0m[[0m[31merror[0m] [0m[0m	at sbt.Run.invokeMain(Run.scala:143)[0m
[0m[[0m[31merror[0m] [0m[0m	at sbt.Run.execute$1(Run.scala:93)[0m
[0m[[0m[31merror[0m] [0m[0m	at sbt.Run.$anonfun$runWithLoader$5(Run.scala:120)[0m
[0m[[0m[31merror[0m] [0m[0m	at sbt.Run$.executeSuccess(Run.scala:186)[0m
[0m[[0m[31merror[0m] [0m[0m	at sbt.Run.runWithLoader(Run.scala:120)[0m
[0m[[0m[31merror[0m] [0m[0m	at sbt.Defaults$.$anonfun$bgRunTask$6(Defaults.scala:1983)[0m
[0m[[0m[31merror[0m] [0m[0m	at sbt.Defaults$.$anonfun$termWrapper$2(Defaults.scala:1922)[0m
[0m[[0m[31merror[0m] [0m[0m	at scala.runtime.java8.JFunction0$mcV$sp.apply(JFunction0$mcV$sp.java:23)[0m
[0m[[0m[31merror[0m] [0m[0m	at scala.util.Try$.apply(Try.scala:213)[0m
[0m[[0m[31merror[0m] [0m[0m	at sbt.internal.BackgroundThreadPool$BackgroundRunnable.run(DefaultBackgroundJobService.scala:369)[0m
[0m[[0m[31merror[0m] [0m[0m	at java.util.concurrent.ThreadPoolExecutor.runWorker(ThreadPoolExecutor.java:1149)[0m
[0m[[0m[31merror[0m] [0m[0m	at java.util.concurrent.ThreadPoolExecutor$Worker.run(ThreadPoolExecutor.java:624)[0m
[0m[[0m[31merror[0m] [0m[0m	at java.lang.Thread.run(Thread.java:750)[0m
[0m[[0m[31merror[0m] [0m[0m(Compile / [31mrun[0m) org.apache.spark.sql.catalyst.parser.ParseException: [0m
[0m[[0m[31merror[0m] [0m[0mno viable alternative at input 'CREATE TABLE IF NOT EXISTS cardData(assets/'(line 1, pos 42)[0m
[0m[[0m[31merror[0m] [0m[0m[0m
[0m[[0m[31merror[0m] [0m[0m== SQL ==[0m
[0m[[0m[31merror[0m] [0m[0mCREATE TABLE IF NOT EXISTS cardData(assets/0/gameAbsolutePath STRING, assets/0/fullAbsolutePath STRING, region STRING, regionRef STRING, regions/0 STRING, regionRefs/0 STRING, attack INT, cost INT, health INT, description STRING, descriptionRaw STRING, levelupDescription STRING, levelupDescriptionRaw STRING, flavorText STRING, artistName STRING, name STRING, cardCode STRING, keywords/0 STRING, keywordRefs/0 STRING, spellSpeed STRING, spellSpeedRef STRING, rarity STRING, rarityRef STRING, subtype STRING, supertype STRING, type STRING, collectible STRING, set STRING, associatedCardRefs/0 STRING, associatedCardRefs/1 STRING, subtypes/0 STRING, keywords/1 STRING, keywordRefs/1 STRING, associatedCardRefs/2 STRING, associatedCardRefs/3 STRING, associatedCardRefs/4 STRING, keywords/2 STRING, keywordRefs/2 STRING, regions/1 STRING, regionRefs/1 STRING, associatedCardRefs/5 STRING, associatedCardRefs/6 STRING, associatedCardRefs/7 STRING, associatedCardRefs/8 STRING, associatedCardRefs/9 STRING, associatedCardRefs/10 STRING )[0m
[0m[[0m[31merror[0m] [0m[0m------------------------------------------^^^[0m
[0m[[0m[31merror[0m] [0m[0mTotal time: 10 s, completed Feb 2, 2022 2:32:54 PM[0m
[0m[[0m[0mdebug[0m] [0m[0m> Exec(resumeFromFailure, None, Some(CommandSource(console0)))[0m
[0m[[0m[0mdebug[0m] [0m[0m> Exec(sbtPopOnFailure, None, Some(CommandSource(console0)))[0m
[0m[[0m[0mdebug[0m] [0m[0m> Exec(__postWatch console0, None, Some(CommandSource(console0)))[0m
[0m[[0m[0mdebug[0m] [0m[0m> Exec(resumeFromFailure, None, None)[0m
[0m[[0m[0mdebug[0m] [0m[0m> Exec(__waitWatch console0, None, None)[0m
