[0m2022.01.09 18:37:39 INFO  Started: Metals version 0.10.9 in workspace 'C:\Users\gianc\Desktop\Revature\BigDataRepo\HWRepo\Project0' for client Visual Studio Code 1.63.2.[0m
[0m2022.01.09 18:37:41 INFO  time: initialize in 1.11s[0m
[0m2022.01.09 18:37:41 WARN  Build server is not auto-connectable.[0m
[0m2022.01.09 18:37:41 WARN  no build tool detected in workspace 'C:\Users\gianc\Desktop\Revature\BigDataRepo\HWRepo\Project0'. The most common cause for this problem is that the editor was opened in the wrong working directory, for example if you use sbt then the workspace directory should contain build.sbt. [0m
[0m2022.01.09 18:38:00 INFO  [0m
[0m2022.01.09 18:38:00 INFO  Template applied in C:\Users\gianc\Desktop\Revature\BigDataRepo\HWRepo\Project0\.\todocrud[0m
[0m2022.01.09 18:38:00 INFO  [0m
[0m2022.01.09 18:38:00 INFO  time: ran 'giter8.Giter8' in 2.28s[0m
[0m2022.01.09 18:38:06 INFO  shutting down Metals[0m
2022.01.31 14:17:13 INFO  tracing is disabled for protocol LSP, to enable tracing of incoming and outgoing JSON messages create an empty file at c:\Users\gianc\Desktop\Revature\BigDataRepo\HWRepo\Project0\.metals\lsp.trace.json or C:\Users\gianc\AppData\Local\scalameta\metals\cache\lsp.trace.json
2022.01.31 14:17:14 INFO  logging to file C:\Users\gianc\Desktop\Revature\BigDataRepo\HWRepo\Project0\.metals\metals.log
2022.01.31 14:17:14 INFO  Started: Metals version 0.11.1 in workspace 'C:\Users\gianc\Desktop\Revature\BigDataRepo\HWRepo\Project0' for client Visual Studio Code 1.63.2.
2022.01.31 14:17:14 INFO  Parse release: 11.0.11
2022.01.31 14:17:16 INFO  time: initialize in 1.97s
2022.01.31 14:17:17 WARN  Build server is not auto-connectable.
2022.01.31 14:17:17 WARN  no build tool detected in workspace 'C:\Users\gianc\Desktop\Revature\BigDataRepo\HWRepo\Project0'. The most common cause for this problem is that the editor was opened in the wrong working directory, for example if you use sbt then the workspace directory should contain build.sbt. 
2022.01.31 14:17:17 WARN  no build target for: C:\Users\gianc\Desktop\Revature\BigDataRepo\HWRepo\Project0\todocrud\src\main\scala\Main.scala
2022.01.31 14:17:21 INFO  no build target found for C:\Users\gianc\Desktop\Revature\BigDataRepo\HWRepo\Project0\todocrud\src\main\scala\Main.scala. Using presentation compiler with project's scala-library version: 3.1.0
2022.01.31 14:17:24 INFO  time: code lens generation in 5.94s
2022.01.31 14:17:24 INFO  time: code lens generation in 5.92s
2022.01.31 15:46:37 INFO  shutting down Metals
